{
 "cells": [
  {
   "cell_type": "code",
   "execution_count": 1,
   "metadata": {
    "ExecuteTime": {
     "end_time": "2019-11-07T02:27:13.538476Z",
     "start_time": "2019-11-07T02:27:11.897512Z"
    },
    "collapsed": true
   },
   "outputs": [
    {
     "data": {
      "text/plain": [
       "'Connected: postgres@dvdrental'"
      ]
     },
     "execution_count": 1,
     "metadata": {},
     "output_type": "execute_result"
    }
   ],
   "source": [
    "%load_ext sql\n",
    "%sql postgresql://postgres:pgbt636487@localhost/dvdrental"
   ]
  },
  {
   "cell_type": "markdown",
   "metadata": {},
   "source": [
    "# Course overview\n",
    "+ Query structure, including joins, subqueries, and temporary tables\n",
    "+ Limiting and aggregating data\n",
    "+ Database storage properties and optimization tools\n",
    "+ Query planning and execution"
   ]
  },
  {
   "cell_type": "code",
   "execution_count": null,
   "metadata": {},
   "outputs": [],
   "source": []
  },
  {
   "cell_type": "code",
   "execution_count": null,
   "metadata": {},
   "outputs": [],
   "source": []
  },
  {
   "cell_type": "code",
   "execution_count": null,
   "metadata": {},
   "outputs": [],
   "source": []
  },
  {
   "cell_type": "markdown",
   "metadata": {},
   "source": [
    "## Subqueries and common table expressions (CTE)\n",
    "+ Unlike subqueries, **CTEs** create a temporary table that is only executed one time.\n",
    "+ Using CTEs, when working with large or complex tables that are resource intensive to query. \n",
    "+ CTE improves the speed when compare to subquery structure, the ***query planner materializes the CTE into a temporary table.***"
   ]
  },
  {
   "cell_type": "code",
   "execution_count": 2,
   "metadata": {
    "ExecuteTime": {
     "end_time": "2019-11-07T06:39:13.796785Z",
     "start_time": "2019-11-07T06:39:13.744814Z"
    },
    "collapsed": true
   },
   "outputs": [
    {
     "data": {
      "text/html": [
       "<video controls=\"\" preload=\"none\" width=\"900px\" height=\"600px\">\n",
       "      <source src=\"1.2 Subqueries and common table expressions (cte) Sql.mp4\">\n",
       "</video>\n"
      ],
      "text/plain": [
       "<IPython.core.display.HTML object>"
      ]
     },
     "metadata": {},
     "output_type": "display_data"
    }
   ],
   "source": [
    "%%html\n",
    "<video controls=\"\" preload=\"none\" width=\"900px\" height=\"600px\">\n",
    "      <source src=\"1.2 Subqueries and common table expressions (cte) Sql.mp4\">\n",
    "</video>"
   ]
  },
  {
   "cell_type": "markdown",
   "metadata": {},
   "source": [
    "### About subqueries\n",
    "What?\n",
    "+ Join alternative\n",
    "+ Simple query\n",
    "\n",
    "Why?\n",
    "+ Can return one result\n",
    "+ Readable\n",
    "+ SQL instructions similar to joins\n",
    "\n",
    "How?\n",
    "+ In SELECT, FROM, or WHERE clauses"
   ]
  },
  {
   "cell_type": "markdown",
   "metadata": {},
   "source": [
    "### Subqueries\n",
    "```sql\n",
    "--SELECT subquery\n",
    "SELECT \n",
    "    AVG(word_length) AS avg_movie\n",
    "    , (SELECT AVG(word_length)\n",
    "       FROM english_language) AS avg_english\n",
    "FROM MOVIE\n",
    "```\n",
    "avg_movie| avg_english\n",
    "-|-\n",
    "3| 4.5\n",
    "\n",
    "```sql\n",
    "--WHERE subquery\n",
    "SELECT AVG(word_length) AS avg_movie\n",
    "FROM english_language\n",
    "WHERE word IN\n",
    "    (SELECT DISTINCT word FROM movie)\n",
    "```\n",
    "|avg_moive|\n",
    "|-|\n",
    "|3|\n",
    "\n",
    "```sql\n",
    "--FROM subquery\n",
    "SELECT AVG(word_length) AS avg_movie\n",
    "FROM (SELECT * FROM movie)\n",
    "```\n",
    "FROM subquery\n",
    "+ Decreases readability\n",
    "+ Limits query plan flexibility\n",
    "\n"
   ]
  },
  {
   "cell_type": "markdown",
   "metadata": {},
   "source": [
    "### About common table expressions (CTEs)\n",
    "What?\n",
    "+ Join alternative\n",
    "+ Standalone query with temporary results set\n",
    "\n",
    "Why?\n",
    "+ Can return one result\n",
    "+ Readable\n",
    "+ Creates a temporary table\n",
    "\n",
    "How?\n",
    "+ WITH statements\n",
    "\n",
    "```sql\n",
    "-- CTE structure\n",
    "WITH english_cte AS\n",
    "(\n",
    "    SELECT word_length\n",
    "        ,COUNT(word) AS word_count AS english_word_count\n",
    "    FROM english_language\n",
    ")\n",
    "\n",
    "SELECT movie.word_length\n",
    "    ,COUNT(movie.word) AS movie_word_count\n",
    "    ,cte.english_word_count\n",
    "FROM movie\n",
    "INNER JOIN english_cte cte\n",
    "    ON movie.word_length = cte.word_length\n",
    "GROUP BY movie.word_length, cte.english_word_count\n",
    "```\n"
   ]
  },
  {
   "cell_type": "markdown",
   "metadata": {},
   "source": [
    "## Working with temporary tables\n",
    "+ CTE or subquery which is only available for that one query, temporary table is available for multiple distinct queries.\n",
    "+ ***Only available to the creator***\n",
    "+ Creating a temporary table will be slow beacuse you create it by querying the large, it is then ***stored in memory for the duration of database session.***"
   ]
  },
  {
   "cell_type": "code",
   "execution_count": 3,
   "metadata": {
    "ExecuteTime": {
     "end_time": "2019-11-07T06:51:13.543804Z",
     "start_time": "2019-11-07T06:51:13.534812Z"
    },
    "collapsed": true
   },
   "outputs": [
    {
     "data": {
      "text/html": [
       "<video controls=\"\" preload=\"none\" width=\"900px\" height=\"600px\">\n",
       "      <source src=\"1.3 Working with temporary tables Sql.mp4\">\n",
       "</video>\n"
      ],
      "text/plain": [
       "<IPython.core.display.HTML object>"
      ]
     },
     "metadata": {},
     "output_type": "display_data"
    }
   ],
   "source": [
    "%%html\n",
    "<video controls=\"\" preload=\"none\" width=\"900px\" height=\"600px\">\n",
    "      <source src=\"1.3 Working with temporary tables Sql.mp4\">\n",
    "</video>"
   ]
  },
  {
   "cell_type": "markdown",
   "metadata": {},
   "source": [
    "### About temp(orary) tables\n",
    "\n",
    "What?\n",
    "+ Short-lived table\n",
    "\n",
    "Why?\n",
    "+ Transient storage\n",
    "+ Database session\n",
    "+ **Multiple queries**\n",
    "+ **User specific**\n",
    "+ Slow tables\n",
    "\n",
    "How?\n",
    "+ CREATE TEMP TABLE name AS"
   ]
  },
  {
   "cell_type": "markdown",
   "metadata": {},
   "source": [
    "### TEMP table\n",
    "```sql\n",
    "-- TEMP table structure\n",
    "CREATE TEMP TABLE usa_holidays AS\n",
    "    SELECT holiday, holiday_type\n",
    "    FROM world_holidays\n",
    "    WHERE country_code = 'USA';\n",
    "```\n",
    "\n",
    "### Slow\n",
    "+ Large tables, because many records\n",
    "+ Complicated views(non-materialized type/common type), because view logic\n",
    "  + views contain the directions to data, referencing too many tables like below\n",
    "  \n",
    "Table Stats| World Holidays| USA Holidays\n",
    "-|-|-\n",
    "Type| view| temp_table\n",
    "Rows| 591,444| 25\n",
    "Sources| **195**| **1**\n",
    "\n",
    "### Joining many tables to one temp table\n",
    "```sql\n",
    "CREATE TEMP TABLE usa_holidays AS\n",
    "SELECT holiday, holiday_type\n",
    "FROM world_holidays\n",
    "WHERE country_code = 'USA';\n",
    "\n",
    "WITH religious AS (\n",
    "    SELECT usa.holiday, r.initial_yr\n",
    "        , r.celebration_dt\n",
    "    FROM religious r\n",
    "    INNER JOIN usa_holidays usa\n",
    "        USING (holiday))\n",
    ", secular AS (\n",
    "    SELECT usa.holiday, s.initial_yr\n",
    "        , s.celebration_dt\n",
    "    FROM secular s\n",
    "    INNER JOIN usa_holidays usa\n",
    "        USING (holiday))\n",
    ", ...\n",
    "```\n",
    "\n",
    "### Analyze - Query planner (execution steps)\n",
    "+ Statistics from pg_statistics\n",
    "+ Runtime estimates\n",
    "\n",
    "```sql\n",
    "CREATE TEMP TABLE usa_holidays AS\n",
    "SELECT holiday, holiday_type\n",
    "FROM world_holidays\n",
    "WHERE country_code = 'USA';\n",
    "\n",
    "ANALYZE usa_holidays;\n",
    "\n",
    "SELECT * FROM usa_holidays;\n",
    "```"
   ]
  },
  {
   "cell_type": "markdown",
   "metadata": {},
   "source": [
    "## SQL logical order of operations\n",
    "\n",
    "Order| Clause| Purpose\n",
    "-|-|-\n",
    "1| FROM| Provides directions to the table or tables if the query includes **joins**\n",
    "2| WHERE| Filters or limits the records\n",
    "3| GROUP BY| Places records into categories\n",
    "4|SUM(), COUNT(), etc| Aggregates\n",
    "5| SELECT| identifies columns to return\n",
    "6| DISTINCT| removes duplicates\n",
    "7| ORDER BY| arranges results\n",
    "9| LIMIT| removes rows\n"
   ]
  },
  {
   "cell_type": "markdown",
   "metadata": {},
   "source": [
    "## Filtering in the WHERE clause"
   ]
  },
  {
   "cell_type": "markdown",
   "metadata": {},
   "source": [
    "### Summarizing the best WHERE filters\n",
    "\n",
    "***Numeric advantages***\n",
    "+ Shorter length\n",
    "+ Smaller storage\n",
    "+ Speeds performance\n",
    "\n",
    "Good| Better\n",
    "-|-\n",
    "Text| Numeric\n",
    "OR| IN, ARRAY\n",
    "\n",
    "```sql\n",
    "-- OR + [LIKE] is good\n",
    "EXPLAIN\n",
    "SELECT * FROM phones\n",
    "WHERE country LIKE 'Ch%'\n",
    "    OR country LIKE 'In%';\n",
    "-- ANY(ARRAY[ , ]) is better\n",
    "EXPLAIN\n",
    "SELECT * FROM phones\n",
    "WHERE \n",
    "    country LIKE ANY(ARRAY['Ch%','In%'])\n",
    "\n",
    "                           \n",
    "-- OR is good\n",
    "EXPLAIN\n",
    "SELECT * FROM phones\n",
    "WHERE country = 'Chad'\n",
    "    OR country = 'China'\n",
    "-- IN is better\n",
    "EXPLAIN\n",
    "SELECT * FROM phones\n",
    "WHERE country IN ('Chad','China')                          \n",
    "```\n"
   ]
  },
  {
   "cell_type": "markdown",
   "metadata": {},
   "source": [
    "## Filtering while joining"
   ]
  },
  {
   "cell_type": "markdown",
   "metadata": {},
   "source": [
    "```sql\n",
    "--Inner joins to filter\n",
    "SELECT *\n",
    "FROM appointments a\n",
    "INNER JOIN patients p\n",
    "    ON a.patient_id = p.patient_id\n",
    "    \n",
    "--Outer joins to filter\n",
    "SELECT *\n",
    "FROM appointments a\n",
    "LEFT JOIN patients p\n",
    "    ON a.patient_id = p.patient_id\n",
    "    AND p.sex = 'M\n",
    "```"
   ]
  },
  {
   "cell_type": "markdown",
   "metadata": {},
   "source": [
    "## Aggregating with different data granularities"
   ]
  },
  {
   "cell_type": "markdown",
   "metadata": {},
   "source": [
    "\n",
    "Video_Games table\n",
    "\n",
    "id| game| first_yr\n",
    "-|-|-\n",
    "012| Grand Theft Auto| 1997\n",
    "234| Legend of_Zelda| 1986\n",
    "\n",
    "Game_Platforms\n",
    "\n",
    "game_id| platform| year\n",
    "-|-|-\n",
    "234| FCDS| 1986\n",
    "234| GameCube| 2003\n",
    "234| Wii| 2006\n",
    "\n",
    ">Joining different granularities, video_game table maps to multiple records, or platforms in the game_platforms table, return duplicated records    \n",
    "\n",
    "```sql\n",
    "SELECT \n",
    "    g.id, g.game, g.first_yr\n",
    "    ,COUNT(platform) AS no_platforms\n",
    "FROM video_games g\n",
    "INNER JOIN game_platforms p\n",
    "    ON g.id = p.game_id\n",
    "GROUP BY g.id, g.game, g.first_yr\n",
    "```\n",
    "id| game| first_yr| no_platforms\n",
    "-|-|-|-\n",
    "234| Legend_of_Zelda| 1986| 3\n",
    "234| Legend_of_Zelda| 1986| 3\n",
    "234| Legend_of_Zelda| 1986| 3\n",
    "\n",
    "\n",
    ">CTEs to the granularity rescue\n",
    "\n",
    "```sql\n",
    "WITH platforms_cte AS ( \n",
    "    SELECT \n",
    "        game_id\n",
    "        ,COUNT(platforms) as no_platforms\n",
    "    FROM game_platforms\n",
    "    GROUP BY game_id\n",
    ") \n",
    "\n",
    "SELECT g.id, g.game , cte.no_platforms\n",
    "FROM video_games g\n",
    "INNER JOIN platforms_cte cte\n",
    "    ON g.id = cte.game_id\n",
    "```\n",
    "\n",
    "id| game| no_platforms\n",
    "-|-|-\n",
    "234| Legend of Zelda| 3"
   ]
  },
  {
   "cell_type": "markdown",
   "metadata": {},
   "source": [
    "##  Queries and tables and views"
   ]
  },
  {
   "cell_type": "code",
   "execution_count": 6,
   "metadata": {
    "ExecuteTime": {
     "end_time": "2019-11-07T14:14:17.789841Z",
     "start_time": "2019-11-07T14:14:17.779850Z"
    },
    "collapsed": true
   },
   "outputs": [
    {
     "data": {
      "text/html": [
       "<video controls=\"\" preload=\"none\" width=\"900px\" height=\"600px\">\n",
       "      <source src=\"3.1 Queries and tables and views, oh my Sql.mp4\">\n",
       "</video>\n"
      ],
      "text/plain": [
       "<IPython.core.display.HTML object>"
      ]
     },
     "metadata": {},
     "output_type": "display_data"
    }
   ],
   "source": [
    "%%html\n",
    "<video controls=\"\" preload=\"none\" width=\"900px\" height=\"600px\">\n",
    "      <source src=\"3.1 Queries and tables and views, oh my Sql.mp4\">\n",
    "</video>"
   ]
  },
  {
   "cell_type": "markdown",
   "metadata": {},
   "source": [
    "### Table and View\n",
    "+ Table\n",
    "  + Base table\n",
    "  + Temporary table\n",
    "+ View\n",
    "  + View\n",
    "  + Materialized view\n",
    "  \n",
    "**Base table**    \n",
    "\n",
    "Describe| organized storage\n",
    "-|-\n",
    "Contains| data\n",
    "Loaded| extract, transform, load (ETL) process\n",
    "Source| human resources program, client management system, survey collection, etc.\n",
    "\n",
    "**Temporary table**\n",
    "\n",
    "Describe| organized (row and column) storage\n",
    "-|-\n",
    "Contains| data\n",
    "Loaded| query (transient)\n",
    "Source| existing base tables\n",
    "\n",
    "```sql\n",
    "CREATE TEMP TABLE my_temptable AS\n",
    "SELECT *\n",
    "FROM survey_monkey_results\n",
    "WHERE survey_date >= '2019-01-01';\n",
    "\n",
    "SELECT * FROM my_temptable\n",
    "```\n",
    "\n",
    "**Standard view**    \n",
    "View utility\n",
    "+ Combine commonly joined tables\n",
    "+ Computed columns\n",
    "  + Summary metrics\n",
    "+ Show partial data in a table\n",
    "  + Show employees but hide salaries\n",
    "\n",
    "Describe| stored query\n",
    "-|-\n",
    "Contains| directions / view definition\n",
    "Loaded| never\n",
    "Source| existing base tables\n",
    "\n",
    "**Materialized view**    \n",
    "Materialized view utility\n",
    "+ Same as view\n",
    "  + Faster\n",
    "\n",
    "Describe| stored query view\n",
    "-|-\n",
    "Contains| data table\n",
    "Loaded| refresh process table\n",
    "Source| existing base tables view\n",
    "\n",
    "### Summary of FROM clause references\n",
    "\n",
    "What| Why\n",
    "-|-\n",
    "Table| base storage\n",
    "Temp| table speeds query using big table\n",
    "View| complicated logic or calculated fields\n",
    "Materialized view|complicated logic that slows performance\n",
    "\n",
    "### Information schema\n",
    "+ Provides metadata about database\n",
    "+ Exists in many databases\n",
    "  + Postgres, SQL Server, MySQL\n",
    "  \n",
    "```sql\n",
    "SELECT table_type\n",
    "FROM information_schema.tables\n",
    "WHERE table_catalog = 'orders_schema'\n",
    "    AND table_name = 'customer_table'\n",
    "```"
   ]
  },
  {
   "cell_type": "markdown",
   "metadata": {},
   "source": [
    "## Row-oriented storage and partitions"
   ]
  },
  {
   "cell_type": "code",
   "execution_count": 7,
   "metadata": {
    "ExecuteTime": {
     "end_time": "2019-11-08T02:37:53.668441Z",
     "start_time": "2019-11-08T02:37:53.636384Z"
    },
    "collapsed": true
   },
   "outputs": [
    {
     "data": {
      "text/html": [
       "<video controls=\"\" preload=\"none\" width=\"900px\" height=\"600px\">\n",
       "      <source src=\"3.2 Row-oriented storage and partitions Sql.mp4\">\n",
       "</video>\n"
      ],
      "text/plain": [
       "<IPython.core.display.HTML object>"
      ]
     },
     "metadata": {},
     "output_type": "display_data"
    }
   ],
   "source": [
    "%%html\n",
    "<video controls=\"\" preload=\"none\" width=\"900px\" height=\"600px\">\n",
    "      <source src=\"3.2 Row-oriented storage and partitions Sql.mp4\">\n",
    "</video>"
   ]
  },
  {
   "cell_type": "markdown",
   "metadata": {},
   "source": [
    "### Database storage types\n",
    "Row oriented storage\n",
    "+ Relation between columns retained\n",
    "Column-oriented storage\n",
    "+ Relation between rows retained\n",
    "\n",
    "row-oriented storage\n",
    "\n",
    "id| name| species| age| habitat| received\n",
    "-|-|-|-|-|-\n",
    "01| Bob| panda| 2| Asia| 2018\n",
    "\n",
    "Column-oriented storage\n",
    "\n",
    "id| name\n",
    "-|-\n",
    "01| Bob\n",
    "02| Sunny\n",
    "03| Beco\n",
    "04| Coco"
   ]
  },
  {
   "cell_type": "markdown",
   "metadata": {},
   "source": [
    "### Row-oriented storage\n",
    "+ One row stored in same location\n",
    "+ Fast to append or delete whole records\n",
    "+ Quick to return all columns\n",
    "  + Slow to return all rows\n",
    "  \n",
    "### Row-oriented database methods\n",
    "Partitions\n",
    "+ Method of splitting one (parent) table into many, smaller (children) tables    \n",
    "\n",
    "Indexes\n",
    "+ Method of creating sorted column keys to improve search    \n",
    "\n",
    "Using partitions and indexes\n",
    "+ Require set up and maintenance\n",
    "+ Existence known from database administrator or documentation"
   ]
  },
  {
   "cell_type": "markdown",
   "metadata": {},
   "source": [
    "### Partition structure\n",
    "Parent table\n",
    "+ Visible in database front end\n",
    "+ Write queries\n",
    "\n",
    "Children tables\n",
    "+ Not visible in database front end\n",
    "+ Queries search\n",
    "\n",
    "```sql\n",
    "SELECT species\n",
    "FROM zoo_animals\n",
    "WHERE habitat = 'Africa'\n",
    "```\n",
    "![](partition_structure.png)\n",
    "\n",
    "### Partition overview\n",
    "What\n",
    "+ Splitting of one table into many smaller tables\n",
    "\n",
    "Why\n",
    "+ Storage flexibility\n",
    "+ Faster queries\n",
    "\n",
    "Where\n",
    "+ Common filter columns\n",
    "+ Date, location"
   ]
  },
  {
   "cell_type": "markdown",
   "metadata": {},
   "source": [
    "**Previewing a row-oriented table**\n",
    "\n",
    "```sql\n",
    "EXPLAIN\n",
    "SELECT *\n",
    "FROM daily_aqi\n",
    "```\n",
    "QUERY PLAN    \n",
    "Seq Scan on daily_aqi  (cost=0.00..525.78 rows=14478 width=182)\n",
    "\n",
    "```sql\n",
    "EXPLAIN\n",
    "SELECT *\n",
    "FROM daily_aqi\n",
    "LIMIT 10;\n",
    "```\n",
    "QUERY PLAN    \n",
    "Limit  (cost=0.00..0.22 rows=10 width=62)    \n",
    "　　->  Seq Scan on daily_aqi  (cost=0.00..695.33 rows=31433 width=62)    \n",
    "\n",
    "---\n",
    "\n",
    "**Partitioning on location**\n",
    "```sql\n",
    "--normal table\n",
    "EXPLAIN\n",
    "SELECT * \n",
    "FROM daily_aqi\n",
    "WHERE state_code = 15;\n",
    "```\n",
    "QUERY PLAN    \n",
    "Seq Scan on daily_aqi  (cost=0.00..773.91 rows=959 width=62)    \n",
    "　　Filter: (state_code = 15)\n",
    "  \n",
    "```sql\n",
    "--partitioned table\n",
    "EXPLAIN\n",
    "SELECT * \n",
    "FROM daily_aqi\n",
    "WHERE state_code = 15;\n",
    "```\n",
    "QUERY PLAN    \n",
    "Seq Scan on daily_aqi_partitioned  (cost=0.00..17.70 rows=2 width=182)    \n",
    "　　Filter: (state_code = 15)    \n",
    "\n"
   ]
  },
  {
   "cell_type": "markdown",
   "metadata": {},
   "source": [
    "## Using and creating indexes"
   ]
  },
  {
   "cell_type": "code",
   "execution_count": 8,
   "metadata": {
    "ExecuteTime": {
     "end_time": "2019-11-08T06:59:07.684607Z",
     "start_time": "2019-11-08T06:59:07.574034Z"
    },
    "collapsed": true
   },
   "outputs": [
    {
     "data": {
      "text/html": [
       "<video controls=\"\" preload=\"none\" width=\"900px\" height=\"600px\">\n",
       "      <source src=\"3.3 Using and creating indexes Sql.mp4\">\n",
       "</video>\n"
      ],
      "text/plain": [
       "<IPython.core.display.HTML object>"
      ]
     },
     "metadata": {},
     "output_type": "display_data"
    }
   ],
   "source": [
    "%%html\n",
    "<video controls=\"\" preload=\"none\" width=\"900px\" height=\"600px\">\n",
    "      <source src=\"3.3 Using and creating indexes Sql.mp4\">\n",
    "</video>"
   ]
  },
  {
   "cell_type": "markdown",
   "metadata": {},
   "source": [
    "### Index overview\n",
    "\n",
    "What\n",
    "+ Method of creating sorted column keys to improve search\n",
    "+ Similar to book index\n",
    "+ Reference to data location\n",
    "\n",
    "Why\n",
    "+ Faster queries\n",
    "\n",
    "Where\n",
    "+ Common filter columns\n",
    "+ Primary key\n",
    "\n",
    "### Index as a key and pointer\n",
    "![](index_as_pointer.png)\n",
    "\n",
    "### Finding existing indexes\n",
    "PG_TABLES\n",
    "+ Similar to information_schema\n",
    "  + specific to Postgres\n",
    "+ Metadata about database\n",
    "\n",
    "```sql\n",
    "SELECT * FROM pg_indexes\n",
    "```\n",
    "schemaname| tablename| indexname| tablespace| indexdef\n",
    "-|-|-|-|-\n",
    "food| dinner| recipe_index| null| CREATE INDEX recipe_index ...\n",
    "\n",
    "### Creating an index\n",
    "![](create_index.png)\n",
    "\n",
    "```sql\n",
    "CREATE INDEX recipe_index\n",
    "ON cookbook (recipe);\n",
    "```\n",
    "***CONCURRENTLY allows records to load in the cookbook table while the index is being created.    \n",
    "This prevents the table from being locked as the index is being built.***\n",
    "```sql\n",
    "CREATE INDEX CONCURRENTLY recipe_index\n",
    "ON cookbook (recipe, serving_size);\n",
    "```\n",
    "\n",
    "### To use or not to use\n",
    "Use an index\n",
    "+ Large tables\n",
    "+ Common filter conditions\n",
    "+ Primary key\n",
    "\n",
    "Avoid an index\n",
    "+ Small tables\n",
    "+ Columns with many nulls\n",
    "+ **Frequently updated tables**\n",
    "  + Index will become fragmented\n",
    "  + Writes data in two places\n",
    "  \n",
    ">Frequently updated tables    \n",
    "For instance, a basil entry was added to the cookbook table after the index was created.    \n",
    "The index is now fragmented.\n",
    "\n",
    "![](index_update.png)"
   ]
  },
  {
   "cell_type": "markdown",
   "metadata": {},
   "source": [
    "### table querying compare with or without indexes\n",
    "```sql\n",
    "EXPLAIN\n",
    "SELECT category\n",
    "  , COUNT(*) as record_cnt\n",
    "  , SUM(no_sites) as aqi_monitoring_site_cnt\n",
    "FROM daily_aqi\n",
    "WHERE defining_parameter = 'SO2'\n",
    "AND category <> 'Good'\n",
    "AND state_code = 15 -- Hawaii\n",
    "GROUP BY  category;\n",
    "\n",
    "\n",
    "Group Key: category\n",
    "  ->  Sort  (cost=634.38..634.38 rows=1 width=34)\n",
    "        Sort Key: category\n",
    "        ->  Seq Scan on daily_aqi  (cost=0.00..634.37 rows=1 width=34)\n",
    "              Filter: ((category <> 'Good'::text) AND (defining_parameter = 'SO2'::text) AND (state_code = 15))\n",
    "\n",
    "\n",
    "\n",
    "CREATE INDEX defining_parameter_index \n",
    "    ON daily_aqi (defining_parameter); \n",
    "\n",
    "EXPLAIN\n",
    "SELECT category\n",
    "  , COUNT(*) as record_cnt\n",
    "  , SUM(no_sites) as aqi_monitoring_site_cnt\n",
    "FROM daily_aqi\n",
    "WHERE defining_parameter = 'SO2'\n",
    "AND category <> 'Good'\n",
    "AND state_code = 15 -- Hawaii\n",
    "GROUP BY  category;\n",
    "\n",
    "\n",
    "QUERY PLAN\n",
    "GroupAggregate  (cost=414.80..414.87 rows=3 width=22)\n",
    "  Group Key: category\n",
    "  ->  Sort  (cost=414.80..414.81 rows=4 width=8)\n",
    "        Sort Key: category\n",
    "        ->  Bitmap Heap Scan on daily_aqi  (cost=11.29..414.76 rows=4 width=8)\n",
    "              Recheck Cond: (defining_parameter = 'SO2'::text)\n",
    "              Filter: ((category <> 'Good'::text) AND (state_code = 15))\n",
    "              ->  Bitmap Index Scan on defining_parameter_index  (cost=0.00..11.29 rows=400 width=0)\n",
    "                    Index Cond: (defining_parameter = 'SO2'::text)\n",
    "```"
   ]
  },
  {
   "cell_type": "markdown",
   "metadata": {},
   "source": [
    "## Using columnoriented storage\n",
    "> The most basic optimization method with column-oriented storage databases is    \n",
    "***to reduce the number of columns each query returns.***"
   ]
  },
  {
   "cell_type": "code",
   "execution_count": 9,
   "metadata": {
    "ExecuteTime": {
     "end_time": "2019-11-08T07:43:28.584670Z",
     "start_time": "2019-11-08T07:43:28.496530Z"
    },
    "collapsed": true
   },
   "outputs": [
    {
     "data": {
      "text/html": [
       "<video controls=\"\" preload=\"none\" width=\"900px\" height=\"600px\">\n",
       "      <source src=\"3.4 Using column-oriented storage Sql.mp4\">\n",
       "</video>\n"
      ],
      "text/plain": [
       "<IPython.core.display.HTML object>"
      ]
     },
     "metadata": {},
     "output_type": "display_data"
    }
   ],
   "source": [
    "%%html\n",
    "<video controls=\"\" preload=\"none\" width=\"900px\" height=\"600px\">\n",
    "      <source src=\"3.4 Using column-oriented storage Sql.mp4\">\n",
    "</video>"
   ]
  },
  {
   "cell_type": "markdown",
   "metadata": {},
   "source": [
    "### Column-oriented storage\n",
    "+ Relation between rows retained\n",
    "\n",
    "### Analytics focus - a good fit\n",
    "Column-oriented storage properties\n",
    "+ One column stored in same location\n",
    "+ Quick to return all rows\n",
    "+ Fast to perform column calculations\n",
    "\n",
    "Analytics focus\n",
    "+ Counts, averages, calculations\n",
    "+ Reporting\n",
    "+ Column aggregations\n",
    "\n",
    "### Transactional focus - a poor fit\n",
    "Row relationships retained\n",
    "+ Slow to return all columns\n",
    "+ Slow to load data\n",
    "\n",
    "Transactional focus\n",
    "+ Fast insert and delete of records\n",
    "\n",
    "### Database examples\n",
    "\n",
    "Original DB| Built off on Original DBs\n",
    "-|-\n",
    "Postgres| Citus Data, Greenplum, Amazon Redshift\n",
    "MySQL| MariaDB\n",
    "Oracle| Oracle In-Memory Cloud Store\n",
    "Work with multiple DBSs|Clickhouse, Apache Druid, CrateDB\n",
    "\n",
    "### Information schema\n",
    "Reducing the columns\n",
    "+ Use SELECT * sparingly\n",
    "+ Use the information schema\n",
    "\n",
    "```sql\n",
    "SELECT column_name, data_type\n",
    "FROM information_schema.columns\n",
    "WHERE table_catalog = 'schama_name'\n",
    "    AND table_name = 'zoo_animals'\n",
    "```\n",
    "\n",
    "### Queries suited for different storage style\n",
    "Case|SQL\n",
    "-|-\n",
    "better suited for column-oriented storage |SELECT MIN(age), MAX(age) <br> FROM zoo_animals <br> WHERE species = 'zebra'\n",
    "better suited for row-oriented storage |SELECT * <br> FROM zoo_animals <br> WHERE species = 'zebra' <br> ORDER BY age\n"
   ]
  },
  {
   "cell_type": "markdown",
   "metadata": {},
   "source": [
    ">Column-oriented storage properties    \n",
    "You are at a small company that is just starting to build its data infrastructure. You are discussing with coworkers the best type of database structure for the company data warehouse. The data warehouse will bring together data from multiple source systems such as human resources data, financial data, and customer data.\n",
    "\n",
    "You think you should use a database that uses column-oriented storage.\n",
    "\n",
    "Which of these reasons does NOT support your argument?  D    \n",
    "\n",
    "    A.The data warehouse will primarily be used for reporting.\n",
    "    B.Much of the reporting will be finding averages of single metrics, such as average employee tenure.\n",
    "    C.As a new company, most reporting will look at all the records.\n",
    "    D.The data needs to be real time so records will continually be appended to tables in the warehouse."
   ]
  },
  {
   "cell_type": "markdown",
   "metadata": {},
   "source": [
    "### Using the information schema\n",
    "\n",
    "The most basic optimization method with column-oriented storage databases is to reduce the number of columns each query returns.\n",
    "\n",
    "When working with new tables, it is common to select the first 5 or 10 rows.     \n",
    "However, a basic select on a wide table may be resource intensive.     \n",
    "The information schema provides some column metadata and is a good starting place to learn about your data.    \n",
    "\n",
    "```sql\n",
    "-- Examine metadata about daily_aqi\n",
    "SELECT column_name, data_type, is_nullable\n",
    "FROM information_schema.columns\n",
    "WHERE table_catalog = 'olympics_aqi'\n",
    "AND table_name = 'daily_aqi'; -- Limit to a specific table\n",
    "```"
   ]
  },
  {
   "cell_type": "markdown",
   "metadata": {},
   "source": [
    "## Query lifecycle and the planner\n",
    "![](query_lifecycle.png)"
   ]
  },
  {
   "cell_type": "code",
   "execution_count": 10,
   "metadata": {
    "ExecuteTime": {
     "end_time": "2019-11-08T08:48:47.810259Z",
     "start_time": "2019-11-08T08:48:47.789287Z"
    },
    "collapsed": true
   },
   "outputs": [
    {
     "data": {
      "text/html": [
       "<video controls=\"\" preload=\"none\" width=\"900px\" height=\"600px\">\n",
       "      <source src=\"4.1 Query lifecycle and the planner Sql.mp4\">\n",
       "</video>\n"
      ],
      "text/plain": [
       "<IPython.core.display.HTML object>"
      ]
     },
     "metadata": {},
     "output_type": "display_data"
    }
   ],
   "source": [
    "%%html\n",
    "<video controls=\"\" preload=\"none\" width=\"900px\" height=\"600px\">\n",
    "      <source src=\"4.1 Query lifecycle and the planner Sql.mp4\">\n",
    "</video>"
   ]
  },
  {
   "cell_type": "markdown",
   "metadata": {},
   "source": [
    "### Basic query lifecycle\n",
    "No|System| Front end steps| Back end processes\n",
    "-|-|-|-\n",
    "1| Parser| Send query to database| Checks syntax. <br> Translates SQL into more computer friendly syntax based on system stored rules.\n",
    "2| Planner & Optimizer| Assess and optimize query tasks| Uses database stats to create query plan. <br> Calculates costs and chooses the best plan.\n",
    "3| Executor| Return query results| Follows the query plan to execute the query.\n",
    "\n",
    "### Query planner and optimizer\n",
    "Responsive to SQL structure changes\n",
    "+ Generates plan trees\n",
    "  + Nodes corresponding to steps\n",
    "  + Visualize with EXPLAIN\n",
    "+ Estimate cost of each tree\n",
    "  + Statistics from pg_tables\n",
    "  + Time based optimization\n",
    "  \n",
    "### Statistics from pg_tables\n",
    "> The query planner uses the **pg_class** and **pg_stats** view    \n",
    "to create its plan and cost estimates.    \n",
    "They have an indicator of tables with indexes.\n",
    "\n",
    "+ Column indexes\n",
    "+ Count null values\n",
    "+ Column width\n",
    "+ Distinct values\n",
    "\n",
    "```sql\n",
    "SELECT * FROM pg_class\n",
    "WHERE relname = 'mytable'\n",
    "```\n",
    "-- sample of output columns   \n",
    "| relname | relhasindex |\n",
    "\n",
    "```sql\n",
    "SELECT * FROM pg_stats\n",
    "WHERE tablename = 'mytable'\n",
    "```\n",
    "-- sample of output columns    \n",
    "null_frac | avg_width | n_distinct |"
   ]
  },
  {
   "cell_type": "markdown",
   "metadata": {},
   "source": [
    "### EXPLAIN\n",
    "+ Window into query plan\n",
    "+ Steps and cost estimates\n",
    "  + Does not run query\n",
    "+ Sequential scan of cheeses table\n",
    "+ Cost and size estimates\n",
    "\n",
    "```sql\n",
    "EXPLAIN\n",
    "SELECT * FROM cheeses\n",
    "\n",
    "Seq Scan on cheeses (cost=0.00..10.50 rows=5725 width=296)\n",
    "\n",
    "```\n",
    "#### EXPLAIN: Scan\n",
    "+ Query plan step\n",
    "+ Returns rows    \n",
    "\n",
    "> The cost estimate of the sequential scan/full table scan 顺序扫描/全表扫描 is **dimensionless** 无量纲的.    \n",
    "Cost estimate to compare two structures of a query with the same output.        \n",
    "***You should not use cost to compare queries with different output.***\n",
    "\n",
    "```sql\n",
    "Seq Scan on cheeses (cost=0.00..10.50 rows=5725 width=296)  --scan of all the rows in table \n",
    "```\n",
    "#### EXPLAIN: Cost\n",
    "+ Dimensionless\n",
    "+ Compare structures with same output\n",
    "  + Should not compare queries with different output\n",
    "\n",
    "```sql\n",
    "Seq Scan on cheeses (cost=0.00..10.50 rows=5725 width=296)\n",
    "/*\n",
    "0.00.. : start up time\n",
    "..10.50 : total time\n",
    "total time = start up + run time\n",
    "*/\n",
    "```\n",
    "#### EXPLAIN: Size\n",
    "+ Size estimates\n",
    "\n",
    "```sql\n",
    "Seq Scan on cheeses (cost=0.00..10.50 rows=5725 width=296)\n",
    "/*\n",
    "rows : rows query needs to examine to run\n",
    "width : byte width of rows\n",
    "*/\n",
    "```\n",
    "\n",
    "### EXPLAIN with a WHERE clause\n",
    "+ From bottom to top\n",
    "  + Step 1: Filter\n",
    "  + Step 2: Sequential scan\n",
    "+ WHERE clause\n",
    "  + Decrease rows to scan and increases total cost\n",
    "\n",
    "```sql\n",
    "EXPLAIN\n",
    "SELECT * FROM cheeses WHERE species IN ('goat','sheep')\n",
    "\n",
    "\n",
    "Seq Scan on cheeses (cost=0.00..378.90 rows=3 width=118)\n",
    " -> Filter: (species = ANY ('{\"goat\",\"sheep\"}'::text[]))\n",
    "```\n",
    "\n",
    "### EXPLAIN with an index\n",
    "+ Step 1: Bitmap Index Scan\n",
    "  + Index Cond explains the scan step\n",
    "+ INDEX\n",
    "  + Start up cost increased from 0\n",
    "  + Overall cost decreased from 379\n",
    "  \n",
    "```sql\n",
    "EXPLAIN\n",
    "SELECT * FROM cheeses WHERE species IN ('goat','sheep') -- index on species column\n",
    "\n",
    "\n",
    "Bitmap Index Scan using species_idx on cheeses (cost=0.29..12.66 rows=3 width=118)\n",
    "  Index Cond: (species = ANY ('{\"goat\",\"sheep\"}'::text[]))\n",
    "\n",
    "-- start up time = 0.29\n",
    "-- total time = 12.99 (dimensionless)\n",
    "```"
   ]
  },
  {
   "cell_type": "markdown",
   "metadata": {},
   "source": [
    "## A deeper dive into EXPLAIN"
   ]
  },
  {
   "cell_type": "code",
   "execution_count": 11,
   "metadata": {
    "ExecuteTime": {
     "end_time": "2019-11-10T11:21:43.123978Z",
     "start_time": "2019-11-10T11:21:43.035379Z"
    },
    "collapsed": true
   },
   "outputs": [
    {
     "data": {
      "text/html": [
       "<video controls=\"\" preload=\"none\" width=\"900px\" height=\"600px\">\n",
       "      <source src=\"4.2 A deeper dive into EXPLAIN Sql.mp4\">\n",
       "</video>\n"
      ],
      "text/plain": [
       "<IPython.core.display.HTML object>"
      ]
     },
     "metadata": {},
     "output_type": "display_data"
    }
   ],
   "source": [
    "%%html\n",
    "<video controls=\"\" preload=\"none\" width=\"900px\" height=\"600px\">\n",
    "      <source src=\"4.2 A deeper dive into EXPLAIN Sql.mp4\">\n",
    "</video>"
   ]
  },
  {
   "cell_type": "markdown",
   "metadata": {},
   "source": [
    "### EXPLAIN optional parameters\n",
    "VERBOSE\n",
    "+ Columns for each plan node\n",
    "+ Shows table schema and aliases\n",
    "\n",
    "ANALYZE\n",
    "+ Runs the query\n",
    "+ Actual run times in milliseconds"
   ]
  },
  {
   "cell_type": "markdown",
   "metadata": {},
   "source": [
    "#### VERBOSE\n",
    "```sql\n",
    "EXPLAIN VERBOSE\n",
    "SELECT * FROM cheeses\n",
    "\n",
    "\n",
    "Seq Scan on dairy.cheeses (cost=0.00..10.50 rows=5725 width=296)\n",
    "  Output: name, species, type, age\n",
    "```\n",
    "\n",
    "#### ANALYZE\n",
    "```sql\n",
    "EXPLAIN ANALYZE\n",
    "SELECT * FROM cheeses\n",
    "\n",
    "\n",
    "Seq Scan on cheeses (cost=0.00..10.50 rows=5725 width=296) (actual\n",
    "time=0.007..1.087 rows=11992 loops=1)\n",
    "Planning Time: 0.059 ms\n",
    "Execution Time: 1.538 ms\n",
    "```\n",
    "#### Query plan - aggregations\n",
    "```sql\n",
    "EXPLAIN ANALYZE\n",
    "SELECT type, AVG(age) AS avg_age\n",
    "FROM cheeses\n",
    "GROUP BY type -- hard or soft cheese\n",
    "\n",
    "\n",
    "HashAggregate (cost=314.88..317.38 rows=200 width=40)(actual time = 4.973..4.975\n",
    "               rows=2 loops=1)\n",
    "  Group Key: type\n",
    "  -> Seq Scan on cheeses (cost=0.00..286.25 rows=5725 width=10)(actual time =\n",
    "                          0.016..2.546 rows = 11992 loops=1)\n",
    "Planning Time: 12.891 ms\n",
    "Execution Time: 5.074 ms\n",
    "```\n",
    "\n",
    "#### Query plan - sort\n",
    "```sql\n",
    "EXPLAIN ANALYZE\n",
    "SELECT name, age\n",
    "FROM cheeses\n",
    "ORDER BY age DESC;\n",
    "\n",
    "\n",
    "Sort (cost=1161.37..1191.35 rows=11992 width=20)(actual time = 4.281..5.331\n",
    "      rows=11992 loops=1)\n",
    "  Sort Key: age DESC\n",
    "  Sort Method: quicksort Memory: 1216kB\n",
    "  -> Seq Scan on cheeses (cost=0.00..348.92 rows=11992 width=20)(actual time =\n",
    "                          0.0007..1.799 rows = 11992 loops=1)\n",
    "Planning Time: 0.131 ms\n",
    "Execution Time: 5.870 ms\n",
    "```\n",
    "\n",
    "#### Query plan - join\n",
    ">　　***This first scan is usually of the smaller table***, regardless of which table is referenced first in the SQL;    \n",
    "　　**Hash** means that the records examined in the sequential scan step are loaded into temporary or hash storage;    \n",
    "　　**Hash join** looks if records from the just scanned cheeses table have a match in the animals table.    \n",
    "The **Hash Condition** tells you that the join occurs by matching the species column between the two tables.\n",
    "\n",
    "```sql\n",
    "EXPLAIN ANALYZE\n",
    "SELECT name, age FROM cheeses\n",
    "INNER JOIN animals ON cheeses.species = animals.species;\n",
    "\n",
    "\n",
    "Hash Join (cost=182.97..4339.35 rows=335776 width=145)(actual time=2.755..138.418\n",
    "           rows=335776 loops=1)\n",
    "  Hash Cond: (cheeses.species = animals.species)\n",
    "  -> Seq Scan on cheeses (cost=0.00..348.92 rows=11992 width=118) (actual\n",
    "                          time=0.010..2.271 rows=11992 loops=1)\n",
    "  -> Hash (cost=106.32..106.32 rows=6132 width=27) (actual time=2.725..2.725 rows=6132\n",
    "           loops=1)\n",
    "       Buckets: 8192 Batches: 1 Memory Usage: 439kB\n",
    "       -> Seq Scan on animals (cost=0.00..106.32 rows=6132 width=27) (actual\n",
    "                               time=0.009..1.008 rows=6132 loops=1)\n",
    "Planning Time: 0.379 ms\n",
    "Execution Time: 161.918 ms\n",
    "```"
   ]
  },
  {
   "cell_type": "markdown",
   "metadata": {},
   "source": [
    "```sql\n",
    "EXPLAIN ANALYZE\n",
    "SELECT country\n",
    "    ,region\n",
    "    ,MAX(population) - MIN(population) as population_change\n",
    "FROM country_pop \n",
    "GROUP BY country, region\n",
    "ORDER BY population_change DESC;\n",
    "\n",
    "\n",
    "Sort  (cost=132.62..133.43 rows=325 width=72) (actual time=2.101..2.111 rows=204 loops=1)\n",
    "  Sort Key: ((max(population) - min(population))) DESC\n",
    "  Sort Method: quicksort  Memory: 40kB\n",
    "  ->  HashAggregate  (cost=115.00..119.06 rows=325 width=72) (actual time=2.006..2.039 rows=204 loops=1)\n",
    "        Group Key: country, region\n",
    "        ->  Seq Scan on country_pop  (cost=0.00..82.50 rows=3250 width=72) (actual time=0.009..0.467 rows=5703 loops=1)\n",
    "Planning Time: 0.068 ms\n",
    "Execution Time: 2.151 ms\n",
    "```\n",
    "The top row and rows with arrows are the plan steps, sort key is not a plan step.\n",
    "```sql\n",
    "EXPLAIN\n",
    "SELECT old.country\n",
    "    ,old.region\n",
    "    ,old.population_1990\n",
    "    ,new.population_2017\n",
    "    ,100*((new.population_2017 - old.population_1990)/new.population_2017::float) as population_growth\n",
    "FROM pop_1990 old\n",
    "INNER JOIN pop_2017 new \n",
    "USING(country)\n",
    "ORDER BY population_growth DESC\n",
    "\n",
    "\n",
    "Sort  (cost=395.71..403.91 rows=3280 width=88)\n",
    "  Sort Key: (('100'::double precision * (((new.population_2017 - old.population_1990))::double precision / (new.population_2017)::double precision))) DESC\n",
    "  ->  Hash Join  (cost=28.23..204.16 rows=3280 width=88)\n",
    "        Hash Cond: (old.country = new.country)\n",
    "        ->  Seq Scan on pop_1990 old  (cost=0.00..18.10 rows=810 width=72)\n",
    "        ->  Hash  (cost=18.10..18.10 rows=810 width=40)\n",
    "              ->  Seq Scan on pop_2017 new  (cost=0.00..18.10 rows=810 width=40)\n",
    "\n",
    "```"
   ]
  },
  {
   "cell_type": "markdown",
   "metadata": {},
   "source": [
    "## Query structure and query execution"
   ]
  },
  {
   "cell_type": "code",
   "execution_count": 12,
   "metadata": {
    "ExecuteTime": {
     "end_time": "2019-11-10T13:02:24.691066Z",
     "start_time": "2019-11-10T13:02:24.667080Z"
    },
    "collapsed": true
   },
   "outputs": [
    {
     "data": {
      "text/html": [
       "<video controls=\"\" preload=\"none\" width=\"900px\" height=\"600px\">\n",
       "      <source src=\"4.3 Query structure and query execution Sql.mp4\">\n",
       "</video>\n"
      ],
      "text/plain": [
       "<IPython.core.display.HTML object>"
      ]
     },
     "metadata": {},
     "output_type": "display_data"
    }
   ],
   "source": [
    "%%html\n",
    "<video controls=\"\" preload=\"none\" width=\"900px\" height=\"600px\">\n",
    "      <source src=\"4.3 Query structure and query execution Sql.mp4\">\n",
    "</video>"
   ]
  },
  {
   "cell_type": "markdown",
   "metadata": {},
   "source": [
    "    () empty parentheses to make it easier to focus only on the query steps.\n",
    "\n",
    "### Subqueries and joins\n",
    ">As long as the subqueries occur in the **SELECT** or **WHERE** clauses, the query planner treats them the same as joins.\n",
    "\n",
    "```sql\n",
    "-- SUBQUERY\n",
    "SELECT COUNT(athlete_id)\n",
    "FROM athletes\n",
    "WHERE country IN\n",
    "    (SELECT country FROM climate\n",
    "     WHERE temp_annual > 22)\n",
    "\n",
    "-- JOIN\n",
    "SELECT COUNT(athlete_id)\n",
    "FROM athletes a\n",
    "INNER JOIN climate c\n",
    "    ON a.country = c.country\n",
    "    AND c.temp_annual > 22\n",
    "\n",
    "\n",
    "The execution plan of both queries are the same.\n",
    "Aggregate ()\n",
    "  -> Hash Join ()\n",
    "       Hash Cond: (athletes.country = climate.country)\n",
    "       -> Seq Scan on athletes ()\n",
    "       -> Hash ()\n",
    "            -> Seq Scan on climate ()\n",
    "                 Filter: (temp_annual > '22'::numeric) \n",
    "```\n",
    "\n",
    "### Common table expressions and temporary tables\n",
    "\n",
    "```sql\n",
    "-- CTE\n",
    "WITH celsius AS\n",
    "(\n",
    "  SELECT country\n",
    "  FROM climate\n",
    "  WHERE temp_annual > 22 -- Celsius\n",
    ") \n",
    "SELECT count(athlete_id)\n",
    "FROM athletes a\n",
    "INNER JOIN celsius c\n",
    "    ON a.country = c.country\n",
    "\n",
    "\n",
    "-- TEMP TABLE\n",
    "CREATE TEMPORARY TABLE celsius AS\n",
    "  SELECT country\n",
    "  FROM climate\n",
    "  WHERE temp_annual > 22; -- Celsius\n",
    "  \n",
    "SELECT count(athlete_id)\n",
    "FROM athletes a\n",
    "INNER JOIN celsius c\n",
    "    ON a.country = c.country\n",
    "\n",
    "\n",
    "The execution plan of both queries are similar.\n",
    "Aggregate ()\n",
    "CTE celsius\n",
    "  -> Seq Scan on climate ()\n",
    "       Filter: (temp_annual > '22'::numeric)\n",
    "-> Hash Join ()\n",
    "     Hash Cond: (a.country_code = c.country_code)\n",
    "     -> Seq Scan on athletes a ()\n",
    "     -> Hash ()\n",
    "          -> CTE Scan on celsius c ()\n",
    "```\n",
    "\n",
    "### Limiting the data \n",
    ">Postgres use row-oriented storage, limiting the number of records to search and return speeds the query performance.    \n",
    "Filtering on columns with an index results in a faster search.\n",
    "\n",
    "```sql\n",
    "SELECT country_code\n",
    "    ,COUNT(athlete_id) as athletes\n",
    "FROM athletes\n",
    "WHERE year in (2014, 2010) -- Indexed column\n",
    "GROUP BY country_code\n",
    "```\n",
    "No Index| Index\n",
    "-|-\n",
    "Planning Time: 3.370 ms| Planning Time: 0.163 ms\n",
    "Execution Time: 0.143 ms| Execution Time: 0.062 ms\n",
    "\n",
    "### Aggregations - different granularities\n",
    ">Joining a table that records data at a less granular level will duplicate the values at the lowest granularity.\n",
    "\n",
    "```sql\n",
    "SELECT r.country\n",
    "    ,COUNT(a.athlete_id) as athletes\n",
    "FROM regions r -- country level\n",
    "INNER JOIN athletes a -- athletes level\n",
    "    ON r.country = a.country\n",
    "GROUP BY r.country;\n",
    "\n",
    "```\n",
    "***After changing the granularity***\n",
    "```sql\n",
    "WITH olympians AS ( -- country level\n",
    "  SELECT country\n",
    "      ,COUNT(athlete_id) as athletes\n",
    "  FROM athletes -- athletes level\n",
    "  GROUP BY country\n",
    ")\n",
    "\n",
    "SELECT country, athletes\n",
    "FROM regions r -- country level\n",
    "INNER JOIN olympians o\n",
    "    ON r.country = o.country\n",
    "```\n",
    "\n",
    "-|Execution Time\n",
    "-|-\n",
    "Join 1st| 0.267 ms\n",
    "Aggregate 1st - CTE preaggregated| 0.192 ms"
   ]
  },
  {
   "cell_type": "markdown",
   "metadata": {},
   "source": [
    "```SQL\n",
    "\n",
    "-- Subquery\n",
    "EXPLAIN ANALYZE\n",
    "SELECT city\n",
    ", sex\n",
    ", COUNT(DISTINCT athlete_id) as no_athletes\n",
    ", AVG(age) as avg_age\n",
    "FROM athletes_summ\n",
    "WHERE country_code IN (SELECT olympic_cc FROM demographics WHERE gdp > 10000 and year = 2016)\n",
    "AND year = 2016\n",
    "GROUP BY city, sex;\n",
    "\n",
    "\n",
    "QUERY PLAN\n",
    "GroupAggregate  (cost=408.29..408.64 rows=14 width=80) (actual time=14.466..14.579 rows=2 loops=1)\n",
    "  Group Key: athletes_summ.city, athletes_summ.sex\n",
    "  ->  Sort  (cost=408.29..408.33 rows=14 width=46) (actual time=14.392..14.417 rows=491 loops=1)\n",
    "        Sort Key: athletes_summ.city, athletes_summ.sex\n",
    "        Sort Method: quicksort  Memory: 63kB\n",
    "        ->  Nested Loop Semi Join  (cost=0.00..408.03 rows=14 width=46) (actual time=0.857..14.194 rows=491 loops=1)\n",
    "              Join Filter: (athletes_summ.country_code = demographics.olympic_cc)\n",
    "              Rows Removed by Join Filter: 89016\n",
    "              ->  Seq Scan on athletes_summ  (cost=0.00..300.56 rows=29 width=62) (actual time=0.009..1.860 rows=1069 loops=1)\n",
    "                    Filter: (year = 2016)\n",
    "                    Rows Removed by Filter: 10923\n",
    "              ->  Materialize  (cost=0.00..104.44 rows=7 width=16) (actual time=0.000..0.005 rows=84 loops=1069)\n",
    "                    ->  Seq Scan on demographics  (cost=0.00..104.40 rows=7 width=16) (actual time=0.013..0.786 rows=107 loops=1)\n",
    "                          Filter: ((gdp > '10000'::numeric) AND (year = 2016))\n",
    "                          Rows Removed by Filter: 6025\n",
    "Planning Time: 0.145 ms\n",
    "Execution Time: 14.616 ms\n",
    "\n",
    "\n",
    "-- Note the initial step in the query plan\n",
    "\n",
    "-- Common Table Expression (CTE)\n",
    "EXPLAIN ANALYZE\n",
    "WITH gdp AS -- From the demographics table\n",
    "(\n",
    "  SELECT olympic_cc FROM demographics WHERE gdp > 10000 and year = 2016\n",
    "  \n",
    ")\n",
    "SELECT a.city, a.sex\n",
    "  , COUNT(DISTINCT a.athlete_id) as no_athletes\n",
    "  , AVG(a.age) as avg_age\n",
    "FROM athletes_summ a\n",
    "INNER JOIN gdp\n",
    "  ON a.country_code = gdp.olympic_cc\n",
    "WHERE a.year = 2016\n",
    "GROUP BY a.city, a.sex;\n",
    "\n",
    "                                                 \n",
    "QUERY PLAN\n",
    "GroupAggregate  (cost=586.77..600.98 rows=68 width=50) (actual time=3.062..3.173 rows=2 loops=1)\n",
    "  Group Key: a.city, a.sex\n",
    "  CTE gdp\n",
    "    ->  Seq Scan on demographics  (cost=0.00..136.98 rows=74 width=4) (actual time=0.014..0.796 rows=107 loops=1)\n",
    "          Filter: ((gdp > '10000'::numeric) AND (year = 2016))\n",
    "          Rows Removed by Filter: 6025\n",
    "  ->  Sort  (cost=449.79..452.46 rows=1069 width=16) (actual time=2.997..3.022 rows=491 loops=1)\n",
    "        Sort Key: a.city, a.sex\n",
    "        Sort Method: quicksort  Memory: 63kB\n",
    "        ->  Hash Join  (cost=2.41..396.00 rows=1069 width=16) (actual time=0.855..2.812 rows=491 loops=1)\n",
    "              Hash Cond: (a.country_code = gdp.olympic_cc)\n",
    "              ->  Seq Scan on athletes_summ a  (cost=0.00..378.90 rows=1069 width=20) (actual time=0.010..1.803 rows=1069 loops=1)\n",
    "                    Filter: (year = 2016)\n",
    "                    Rows Removed by Filter: 10923\n",
    "              ->  Hash  (cost=1.48..1.48 rows=74 width=16) (actual time=0.835..0.835 rows=107 loops=1)\n",
    "                    Buckets: 1024  Batches: 1  Memory Usage: 12kB\n",
    "                    ->  CTE Scan on gdp  (cost=0.00..1.48 rows=74 width=16) (actual time=0.016..0.819 rows=107 loops=1)\n",
    "Planning Time: 0.742 ms\n",
    "Execution Time: 3.234 ms\n",
    "```"
   ]
  },
  {
   "cell_type": "markdown",
   "metadata": {},
   "source": [
    ">Why the difference? A\n",
    "\n",
    "The execution plan differs when using a subquery versus a common table expression (CTE) structure.\n",
    "\n",
    "The following statements describe execution rules that are only true for CTEs. Choose the statement that does NOT describe a difference in the execution between a subquery and CTE.\n",
    "\n",
    "\n",
    "    A. The written order of joins in a CTEs matches the order of execution seen in the query planner.\n",
    "    B. CTEs are only executed once per query, even if they are referenced more than one time in the parent query.\n",
    "    C. CTEs create a temporary table.\n",
    "    D. If a column with an index is referenced in a CTE, the index is also available outside of that CTE.\n",
    "\n",
    "\n",
    ">You can see that even the small change from a text to a numeric column saved time.\n",
    "\n",
    "```sql\n",
    "-- Read the query plan with the text city filter\n",
    "EXPLAIN ANALYZE\n",
    "SELECT city, sex, COUNT(DISTINCT athlete_id), AVG(age) AS avg_age\n",
    "FROM athletes_summ\n",
    "WHERE city IN ('Rio de Janeiro','Beijing')\n",
    "GROUP BY city, sex;\n",
    "\n",
    "\n",
    "QUERY PLAN\n",
    "GroupAggregate  (cost=302.22..303.62 rows=55 width=80) (actual time=3.404..3.936 rows=4 loops=1)\n",
    "  Group Key: city, sex\n",
    "  ->  Sort  (cost=302.22..302.37 rows=57 width=46) (actual time=3.273..3.372 rows=2011 loops=1)\n",
    "        Sort Key: city, sex\n",
    "        Sort Method: quicksort  Memory: 206kB\n",
    "        ->  Seq Scan on athletes_summ  (cost=0.00..300.56 rows=57 width=46) (actual time=0.010..2.533 rows=2011 loops=1)\n",
    "              Filter: (city = ANY ('{\"Rio de Janeiro\",Beijing}'::text[]))\n",
    "              Rows Removed by Filter: 9981\n",
    "Planning Time: 0.087 ms\n",
    "Execution Time: 3.992 ms\n",
    "                                  \n",
    "\n",
    "-- Find the execution time with a numeric year filter\n",
    "EXPLAIN ANALYZE\n",
    "SELECT city, sex, COUNT(DISTINCT athlete_id), AVG(age) AS avg_age\n",
    "FROM athletes_summ\n",
    "WHERE year IN (2016, 2008) -- Filter by year\n",
    "GROUP BY city, sex;\n",
    "\n",
    "\n",
    "QUERY PLAN\n",
    "GroupAggregate  (cost=302.22..303.62 rows=55 width=80) (actual time=3.495..4.231 rows=4 loops=1)\n",
    "  Group Key: city, sex\n",
    "  ->  Sort  (cost=302.22..302.37 rows=57 width=46) (actual time=3.327..3.467 rows=2011 loops=1)\n",
    "        Sort Key: city, sex\n",
    "        Sort Method: quicksort  Memory: 206kB\n",
    "        ->  Seq Scan on athletes_summ  (cost=0.00..300.56 rows=57 width=46) (actual time=0.010..2.497 rows=2011 loops=1)\n",
    "              Filter: (year = ANY ('{2016,2008}'::integer[]))\n",
    "              Rows Removed by Filter: 9981\n",
    "Planning Time: 0.091 ms\n",
    "Execution Time: 4.280 ms\n",
    "```"
   ]
  },
  {
   "cell_type": "markdown",
   "metadata": {},
   "source": [
    "### Congrates, summary"
   ]
  },
  {
   "cell_type": "code",
   "execution_count": 13,
   "metadata": {
    "ExecuteTime": {
     "end_time": "2019-11-10T13:57:43.345892Z",
     "start_time": "2019-11-10T13:57:43.330900Z"
    },
    "collapsed": true
   },
   "outputs": [
    {
     "data": {
      "text/html": [
       "<video controls=\"\" preload=\"none\" width=\"900px\" height=\"600px\">\n",
       "      <source src=\"Congratulations Sql.mp4\">\n",
       "</video>\n"
      ],
      "text/plain": [
       "<IPython.core.display.HTML object>"
      ]
     },
     "metadata": {},
     "output_type": "display_data"
    }
   ],
   "source": [
    "%%html\n",
    "<video controls=\"\" preload=\"none\" width=\"900px\" height=\"600px\">\n",
    "      <source src=\"Congratulations Sql.mp4\">\n",
    "</video>"
   ]
  },
  {
   "cell_type": "code",
   "execution_count": null,
   "metadata": {},
   "outputs": [],
   "source": []
  },
  {
   "cell_type": "code",
   "execution_count": null,
   "metadata": {},
   "outputs": [],
   "source": []
  },
  {
   "cell_type": "markdown",
   "metadata": {},
   "source": []
  }
 ],
 "metadata": {
  "kernelspec": {
   "display_name": "Python 3",
   "language": "python",
   "name": "python3"
  },
  "language_info": {
   "codemirror_mode": {
    "name": "ipython",
    "version": 3
   },
   "file_extension": ".py",
   "mimetype": "text/x-python",
   "name": "python",
   "nbconvert_exporter": "python",
   "pygments_lexer": "ipython3",
   "version": "3.7.4"
  },
  "toc": {
   "base_numbering": 1,
   "nav_menu": {},
   "number_sections": false,
   "sideBar": false,
   "skip_h1_title": false,
   "title_cell": "Table of Contents",
   "title_sidebar": "Contents",
   "toc_cell": false,
   "toc_position": {
    "height": "535px",
    "left": "55px",
    "top": "106px",
    "width": "334px"
   },
   "toc_section_display": false,
   "toc_window_display": true
  },
  "varInspector": {
   "cols": {
    "lenName": 16,
    "lenType": 16,
    "lenVar": 40
   },
   "kernels_config": {
    "python": {
     "delete_cmd_postfix": "",
     "delete_cmd_prefix": "del ",
     "library": "var_list.py",
     "varRefreshCmd": "print(var_dic_list())"
    },
    "r": {
     "delete_cmd_postfix": ") ",
     "delete_cmd_prefix": "rm(",
     "library": "var_list.r",
     "varRefreshCmd": "cat(var_dic_list()) "
    }
   },
   "types_to_exclude": [
    "module",
    "function",
    "builtin_function_or_method",
    "instance",
    "_Feature"
   ],
   "window_display": false
  }
 },
 "nbformat": 4,
 "nbformat_minor": 2
}
